f:\#mygithub\noobgameengine1\noobgameengine\studio\x64\debug\vc140.pdb
f:\#mygithub\noobgameengine1\noobgameengine\studio\x64\debug\vc140.idb
f:\#mygithub\noobgameengine1\noobgameengine\studio\x64\debug\imgui.obj
f:\#mygithub\noobgameengine1\noobgameengine\studio\x64\debug\imgui_demo.obj
f:\#mygithub\noobgameengine1\noobgameengine\studio\x64\debug\imgui_draw.obj
f:\#mygithub\noobgameengine1\noobgameengine\studio\x64\debug\keyboard.obj
f:\#mygithub\noobgameengine1\noobgameengine\studio\x64\debug\main.obj
f:\#mygithub\noobgameengine1\noobgameengine\studio\x64\debug\mouse.obj
f:\#mygithub\noobgameengine1\noobgameengine\studio\x64\debug\sprite.obj
f:\#mygithub\noobgameengine1\noobgameengine\studio\x64\debug\texture.obj
f:\#mygithub\noobgameengine1\noobgameengine\studio\x64\debug\vector3.obj
f:\#mygithub\noobgameengine1\noobgameengine\studio\x64\debug\window.obj
f:\#mygithub\noobgameengine1\noobgameengine\x64\debug\studio.ilk
f:\#mygithub\noobgameengine1\noobgameengine\x64\debug\studio.exe
f:\#mygithub\noobgameengine1\noobgameengine\x64\debug\studio.pdb
f:\#mygithub\noobgameengine1\noobgameengine\studio\x64\debug\studio.tlog\cl.command.1.tlog
f:\#mygithub\noobgameengine1\noobgameengine\studio\x64\debug\studio.tlog\cl.read.1.tlog
f:\#mygithub\noobgameengine1\noobgameengine\studio\x64\debug\studio.tlog\cl.write.1.tlog
f:\#mygithub\noobgameengine1\noobgameengine\studio\x64\debug\studio.tlog\link.command.1.tlog
f:\#mygithub\noobgameengine1\noobgameengine\studio\x64\debug\studio.tlog\link.read.1.tlog
f:\#mygithub\noobgameengine1\noobgameengine\studio\x64\debug\studio.tlog\link.write.1.tlog
